2017-02-13 14:58:49 =SUPERVISOR REPORT====
     Supervisor: {local,'Elixir.Logger.Supervisor'}
     Context:    child_terminated
     Reason:     normal
     Offender:   [{pid,<0.198.0>},{id,'Elixir.Logger.ErrorHandler'},{mfargs,{'Elixir.Logger.Watcher',watcher,[error_logger,'Elixir.Logger.ErrorHandler',{true,false,500},link]}},{restart_type,permanent},{shutdown,5000},{child_type,worker}]

2017-02-16 15:42:52 =SUPERVISOR REPORT====
     Supervisor: {local,'Elixir.Logger.Supervisor'}
     Context:    child_terminated
     Reason:     normal
     Offender:   [{pid,<0.316.0>},{id,'Elixir.Logger.ErrorHandler'},{mfargs,{'Elixir.Logger.Watcher',watcher,[error_logger,'Elixir.Logger.ErrorHandler',{true,false,500},link]}},{restart_type,permanent},{shutdown,5000},{child_type,worker}]

2017-02-16 19:51:16 =SUPERVISOR REPORT====
     Supervisor: {local,'Elixir.Logger.Supervisor'}
     Context:    child_terminated
     Reason:     normal
     Offender:   [{pid,<0.189.0>},{id,'Elixir.Logger.ErrorHandler'},{mfargs,{'Elixir.Logger.Watcher',watcher,[error_logger,'Elixir.Logger.ErrorHandler',{true,false,500},link]}},{restart_type,permanent},{shutdown,5000},{child_type,worker}]

2017-02-16 19:59:11 =SUPERVISOR REPORT====
     Supervisor: {local,'Elixir.Logger.Supervisor'}
     Context:    child_terminated
     Reason:     normal
     Offender:   [{pid,<0.189.0>},{id,'Elixir.Logger.ErrorHandler'},{mfargs,{'Elixir.Logger.Watcher',watcher,[error_logger,'Elixir.Logger.ErrorHandler',{true,false,500},link]}},{restart_type,permanent},{shutdown,5000},{child_type,worker}]

